Flutter crash report; please file at https://github.com/flutter/flutter/issues.

## command

flutter packages get

## exception

YamlException: Error on line 11, column 26: Mapping values are not allowed here. Did you miss a colon earlier?
   flutter_launcher_icons: 
                         ^

```
#0      Scanner._fetchValue (package:yaml/src/scanner.dart:713)
#1      Scanner._fetchNextToken (package:yaml/src/scanner.dart:457)
#2      Scanner._fetchMoreTokens (package:yaml/src/scanner.dart:339)
#3      Scanner.peek (package:yaml/src/scanner.dart:317)
#4      Parser._parseBlockMappingKey (package:yaml/src/parser.dart:418)
#5      Parser._stateMachine (package:yaml/src/parser.dart:86)
#6      Parser.parse (package:yaml/src/parser.dart:47)
#7      Loader._loadMapping (package:yaml/src/loader.dart:171)
#8      Loader._loadNode (package:yaml/src/loader.dart:86)
#9      Loader._loadMapping (package:yaml/src/loader.dart:165)
#10     Loader._loadNode (package:yaml/src/loader.dart:86)
#11     Loader._loadDocument (package:yaml/src/loader.dart:62)
#12     Loader.load (package:yaml/src/loader.dart:54)
#13     loadYamlDocument (package:yaml/yaml.dart:51)
#14     loadYamlNode (package:yaml/yaml.dart:42)
#15     loadYaml (package:yaml/yaml.dart:34)
#16     _pluginFromPubspec (package:flutter_tools/src/plugins.dart:52)
#17     _findPlugins.<anonymous closure> (package:flutter_tools/src/plugins.dart:75)
#18     _HashVMBase&MapMixin&&_LinkedHashMapMixin.forEach (dart:collection-patch/dart:collection/compact_hash.dart:361)
#19     _findPlugins (package:flutter_tools/src/plugins.dart:73)
#20     injectPlugins (package:flutter_tools/src/plugins.dart:238)
#21     FlutterProject.ensureReadyForPlatformSpecificTooling (package:flutter_tools/src/project.dart:62)
#22     PackagesGetCommand.runCommand (package:flutter_tools/src/commands/packages.dart:80)
<asynchronous suspension>
#23     FlutterCommand.verifyThenRunCommand (package:flutter_tools/src/runner/flutter_command.dart:290)
<asynchronous suspension>
#24     FlutterCommand.run (package:flutter_tools/src/runner/flutter_command.dart:228)
<asynchronous suspension>
#25     CommandRunner.runCommand (package:args/command_runner.dart:194)
<asynchronous suspension>
#26     FlutterCommandRunner.runCommand (package:flutter_tools/src/runner/flutter_command_runner.dart:286)
<asynchronous suspension>
#27     CommandRunner.run.<anonymous closure> (package:args/command_runner.dart:109)
#28     new Future.sync (dart:async/future.dart:222)
#29     CommandRunner.run (package:args/command_runner.dart:109)
#30     FlutterCommandRunner.run (package:flutter_tools/src/runner/flutter_command_runner.dart:166)
#31     run.<anonymous closure> (package:flutter_tools/runner.dart:90)
<asynchronous suspension>
#32     AppContext._run (package:flutter_tools/src/base/context.dart:76)
<asynchronous suspension>
#33     AppContext.runInZone.<anonymous closure> (package:flutter_tools/src/base/context.dart:66)
#34     _rootRun (dart:async/zone.dart:1126)
#35     _CustomZone.run (dart:async/zone.dart:1023)
#36     runZoned (dart:async/zone.dart:1501)
#37     AppContext.runInZone (package:flutter_tools/src/base/context.dart:65)
#38     run (package:flutter_tools/runner.dart:61)
<asynchronous suspension>
#39     main (package:flutter_tools/executable.dart:48)
<asynchronous suspension>
#40     main (file:///home/sadab/flutter/packages/flutter_tools/bin/flutter_tools.dart:16)
#41     _startIsolate.<anonymous closure> (dart:isolate-patch/dart:isolate/isolate_patch.dart:277)
#42     _RawReceivePortImpl._handleMessage (dart:isolate-patch/dart:isolate/isolate_patch.dart:165)
```

## flutter doctor

```
[✓] Flutter (Channel beta, v0.1.5, on Linux, locale en_IN)
    • Flutter version 0.1.5 at /home/sadab/flutter
    • Framework revision 3ea4d06340 (3 months ago), 2018-02-22 11:12:39 -0800
    • Engine revision ead227f118
    • Dart version 2.0.0-dev.28.0.flutter-0b4f01f759

[✓] Android toolchain - develop for Android devices (Android SDK 27.0.3)
    • Android SDK at /home/sadab/Android/Sdk
    • Android NDK location not configured (optional; useful for native profiling support)
    • Platform android-27, build-tools 27.0.3
    • Java binary at: /home/sadab/Public/android-studio/jre/bin/java
    • Java version OpenJDK Runtime Environment (build 1.8.0_152-release-915-b01)

[✓] Android Studio (version 3.0)
    • Android Studio at /home/sadab/Public/android-studio
    • Java version OpenJDK Runtime Environment (build 1.8.0_152-release-915-b01)

[✓] VS Code (version 1.23.1)
    • VS Code at /usr/share/code
    • Dart Code extension version 2.12.1

[✓] Connected devices (1 available)
    • Redmi 3S • 7026a0597d33 • android-arm64 • Android 6.0.1 (API 23)

• No issues found!
```
